<html>
<head>
<title>TestNG:  Functional Testing - Edge</title>
<link href="../testng.css" rel="stylesheet" type="text/css" />
<link href="../my-testng.css" rel="stylesheet" type="text/css" />

<style type="text/css">
.log { display: none;} 
.stack-trace { display: none;} 
</style>
<script type="text/javascript">
<!--
function flip(e) {
  current = e.style.display;
  if (current == 'block') {
    e.style.display = 'none';
    return 0;
  }
  else {
    e.style.display = 'block';
    return 1;
  }
}

function toggleBox(szDivId, elem, msg1, msg2)
{
  var res = -1;  if (document.getElementById) {
    res = flip(document.getElementById(szDivId));
  }
  else if (document.all) {
    // this is the way old msie versions work
    res = flip(document.all[szDivId]);
  }
  if(elem) {
    if(res == 0) elem.innerHTML = msg1; else elem.innerHTML = msg2;
  }

}

function toggleAllBoxes() {
  if (document.getElementsByTagName) {
    d = document.getElementsByTagName('div');
    for (i = 0; i < d.length; i++) {
      if (d[i].className == 'log') {
        flip(d[i]);
      }
    }
  }
}

// -->
</script>

</head>
<body>
<h2 align='center'>Functional Testing - Edge</h2><table border='1' align="center">
<tr>
<td>Tests passed/Failed/Skipped:</td><td>0/6/0</td>
</tr><tr>
<td>Started on:</td><td>Tue Mar 22 09:15:14 IST 2022</td>
</tr>
<tr><td>Total time:</td><td>30 seconds (30983 ms)</td>
</tr><tr>
<td>Included groups:</td><td></td>
</tr><tr>
<td>Excluded groups:</td><td></td>
</tr>
</table><p/>
<small><i>(Hover the method name to see the test class name)</i></small><p/>
<table width='100%' border='1' class='invocation-failed'>
<tr><td colspan='4' align='center'><b>FAILED TESTS</b></td></tr>
<tr><td><b>Test method</b></td>
<td width="30%"><b>Exception</b></td>
<td width="10%"><b>Time (seconds)</b></td>
<td><b>Instance</b></td>
</tr>
<tr>
<td title='com.qa.testscripts.TC_Amazon_002.searchItem()'><b>searchItem</b><br>Test class: com.qa.testscripts.TC_Amazon_002<br>Parameters: Beauty, Shampoo<br/>
<a href="#Output-799120965" onClick='toggleBox("Output-799120965", this, "Show output", "Hide output");'>Show output</a>

<a href="#Output-799120965" onClick="toggleAllBoxes();">Show all outputs</a>
<div class='log' id="Output-799120965">
The title of the page do not have search term<br/>
Love Beauty & Planet Murumuru Butter and Rose Sulfate Free Blooming Colour Shampoo, No Parabens, No Dyes, 400ml<br/>
</div>
</td>
<td><div><pre>java.lang.AssertionError: The following asserts failed:
	expected [true] but found [false]
	at com.qa.testscripts.TC_Amazon_002.searchItem(TC_Amazon_002.java:47)
	at java.base/java.util.concurrent.ThreadPoolExecutor.runWorker(ThreadPoolExecutor.java:1136)
	at java.base/java.util.concurrent.ThreadPoolExecutor$Worker.run(ThreadPoolExecutor.java:635)
	at java.base/java.lang.Thread.run(Thread.java:833)
... Removed 14 stack frames</pre></div><a href='#' onClick='toggleBox("stack-trace799120965", this, "Click to show all stack frames", "Click to hide stack frames")'>Click to show all stack frames</a>
<div class='stack-trace' id='stack-trace799120965'><pre>java.lang.AssertionError: The following asserts failed:
	expected [true] but found [false]
	at org.testng.asserts.SoftAssert.assertAll(SoftAssert.java:47)
	at org.testng.asserts.SoftAssert.assertAll(SoftAssert.java:31)
	at com.qa.testscripts.TC_Amazon_002.searchItem(TC_Amazon_002.java:47)
	at java.base/jdk.internal.reflect.NativeMethodAccessorImpl.invoke0(Native Method)
	at java.base/jdk.internal.reflect.NativeMethodAccessorImpl.invoke(NativeMethodAccessorImpl.java:77)
	at java.base/jdk.internal.reflect.DelegatingMethodAccessorImpl.invoke(DelegatingMethodAccessorImpl.java:43)
	at java.base/java.lang.reflect.Method.invoke(Method.java:568)
	at org.testng.internal.MethodInvocationHelper.invokeMethod(MethodInvocationHelper.java:133)
	at org.testng.internal.TestInvoker.invokeMethod(TestInvoker.java:598)
	at org.testng.internal.TestInvoker.invokeTestMethod(TestInvoker.java:173)
	at org.testng.internal.MethodRunner.runInSequence(MethodRunner.java:46)
	at org.testng.internal.TestInvoker$MethodInvocationAgent.invoke(TestInvoker.java:824)
	at org.testng.internal.TestInvoker.invokeTestMethods(TestInvoker.java:146)
	at org.testng.internal.TestMethodWorker.invokeTestMethods(TestMethodWorker.java:146)
	at org.testng.internal.TestMethodWorker.run(TestMethodWorker.java:128)
	at java.base/java.util.concurrent.ThreadPoolExecutor.runWorker(ThreadPoolExecutor.java:1136)
	at java.base/java.util.concurrent.ThreadPoolExecutor$Worker.run(ThreadPoolExecutor.java:635)
	at java.base/java.lang.Thread.run(Thread.java:833)
</pre></div></td>
<td>3</td>
<td>com.qa.testscripts.TC_Amazon_002@56cdfb3b</td></tr>
<tr>
<td title='com.qa.testscripts.TC_Amazon_002.searchItem()'><b>searchItem</b><br>Test class: com.qa.testscripts.TC_Amazon_002<br>Parameters: Books, Da Vinci Code<br/>
<a href="#Output-111088646" onClick='toggleBox("Output-111088646", this, "Show output", "Hide output");'>Show output</a>

<a href="#Output-111088646" onClick="toggleAllBoxes();">Show all outputs</a>
<div class='log' id="Output-111088646">
The title of the page do not have search term<br/>
The Da Vinci Code: (Robert Langdon Book 2)<br/>
The Da Vinci Code (Abridged Edition)<br/>
DA VINCI CODE<br/>
The Da Vinci Code: (Robert Langdon Book 2)+Angels and Demons: (Robert Langdon Book 1)+Digital Fortress(Set of 3books)<br/>
The Da Vinci Code: A Novel: 2 (Robert Langdon)<br/>
The Da Vinci Code<br/>
The Da Vinci Code<br/>
The Da Vinci Code Revisited<br/>
100 World’s Greatest Short Stories: Collectable Edition<br/>
War & Peace<br/>
The Da Vinci Code<br/>
Davinci Code<br/>
The Da Vinci Code: (Robert Langdon Book 2)+The Lost Symbol: (Robert Langdon Book 3)(Set of 2books)<br/>
The Da Vinci Code: The Background Explained<br/>
THE DA VINCI CODE : A QUEST FOR ANSWERS (Hindi) ?????<br/>
Fact and Fiction in "The Da Vinci Code"<br/>
The Da Vinci Code: (Robert Langdon Book 2)+Angels and Demons: (Robert Langdon Book 1)+Deception Point(Set of 3books)<br/>
Cracking the Da Vinci Code: The Unauthorized Guide to the Facts Behind the Fiction<br/>
Siddhartha (DELUXE EDITION)<br/>
Greatest Works of Edgar Allan Poe (Deluxe Hardbound Edition)<br/>
World’s Greatest Classics (Box Set of 4 Books)<br/>
Pride & Prejudice (Deluxe Hardbound Edition)<br/>
</div>
</td>
<td><div><pre>java.lang.AssertionError: The following asserts failed:
	expected [true] but found [false]
	at com.qa.testscripts.TC_Amazon_002.searchItem(TC_Amazon_002.java:47)
	at java.base/java.util.concurrent.ThreadPoolExecutor.runWorker(ThreadPoolExecutor.java:1136)
	at java.base/java.util.concurrent.ThreadPoolExecutor$Worker.run(ThreadPoolExecutor.java:635)
	at java.base/java.lang.Thread.run(Thread.java:833)
... Removed 14 stack frames</pre></div><a href='#' onClick='toggleBox("stack-trace111088646", this, "Click to show all stack frames", "Click to hide stack frames")'>Click to show all stack frames</a>
<div class='stack-trace' id='stack-trace111088646'><pre>java.lang.AssertionError: The following asserts failed:
	expected [true] but found [false]
	at org.testng.asserts.SoftAssert.assertAll(SoftAssert.java:47)
	at org.testng.asserts.SoftAssert.assertAll(SoftAssert.java:31)
	at com.qa.testscripts.TC_Amazon_002.searchItem(TC_Amazon_002.java:47)
	at java.base/jdk.internal.reflect.NativeMethodAccessorImpl.invoke0(Native Method)
	at java.base/jdk.internal.reflect.NativeMethodAccessorImpl.invoke(NativeMethodAccessorImpl.java:77)
	at java.base/jdk.internal.reflect.DelegatingMethodAccessorImpl.invoke(DelegatingMethodAccessorImpl.java:43)
	at java.base/java.lang.reflect.Method.invoke(Method.java:568)
	at org.testng.internal.MethodInvocationHelper.invokeMethod(MethodInvocationHelper.java:133)
	at org.testng.internal.TestInvoker.invokeMethod(TestInvoker.java:598)
	at org.testng.internal.TestInvoker.invokeTestMethod(TestInvoker.java:173)
	at org.testng.internal.MethodRunner.runInSequence(MethodRunner.java:46)
	at org.testng.internal.TestInvoker$MethodInvocationAgent.invoke(TestInvoker.java:824)
	at org.testng.internal.TestInvoker.invokeTestMethods(TestInvoker.java:146)
	at org.testng.internal.TestMethodWorker.invokeTestMethods(TestMethodWorker.java:146)
	at org.testng.internal.TestMethodWorker.run(TestMethodWorker.java:128)
	at java.base/java.util.concurrent.ThreadPoolExecutor.runWorker(ThreadPoolExecutor.java:1136)
	at java.base/java.util.concurrent.ThreadPoolExecutor$Worker.run(ThreadPoolExecutor.java:635)
	at java.base/java.lang.Thread.run(Thread.java:833)
</pre></div></td>
<td>3</td>
<td>com.qa.testscripts.TC_Amazon_002@56cdfb3b</td></tr>
<tr>
<td title='com.qa.testscripts.TC_Amazon_002.searchItem()'><b>searchItem</b><br>Test class: com.qa.testscripts.TC_Amazon_002<br>Parameters: Electronics, Mobile phones<br/>
<a href="#Output-15806907" onClick='toggleBox("Output-15806907", this, "Show output", "Hide output");'>Show output</a>

<a href="#Output-15806907" onClick="toggleAllBoxes();">Show all outputs</a>
<div class='log' id="Output-15806907">
The title of the page do not have search term<br/>
Samsung Galaxy M52 5G (ICY Blue, 6GB RAM, 128GB Storage) Latest Snapdragon 778G 5G | sAMOLED 120Hz Display<br/>
Samsung Galaxy M12 (Blue,6GB RAM, 128GB Storage) 6 Months Free Screen Replacement for Prime<br/>
OPPO A31 (Fantasy White, 6GB RAM, 128GB Storage) with No Cost EMI/Additional Exchange Offers<br/>
OPPO A31 (Mystery Black, 6GB RAM, 128GB Storage) with No Cost EMI/Additional Exchange Offers<br/>
realme narzo 50A (Oxygen Blue , 4GB RAM + 128 GB Storage) Helio G85 Processor | 50MP AI Triple Camera | 6000 mAh Battery<br/>
CQLEK® Metal Mobile Cell Phone Stand with Card Holder - Powder Coated Anti Slip & Scratch Resistant Compatible iPhone/iPad/Tablets, Bed, Table, Office, Recording, Home, Online Classes Smartphone Mount Built Perfect for Video Table Class Bed Flexible Charging Hand Bike Movie Office Gift Kitchen Desktop Heavy Duty Stand Multi Angle Lazy Holder, Stand, Bracket, Bedroom, For All Smartphones & Tablets Size upto 3.5"- 8" ( Black )<br/>
Redmi 9A (Nature Green, 3GB Ram, 32GB Storage) | 2GHz Octa-core Helio G25 Processor<br/>
Redmi Note 11 (Horizon Blue, 6GB RAM, 64GB Storage)|90Hz FHD+ AMOLED Display | Qualcomm® Snapdragon™ 680-6nm | Alexa Built-in<br/>
Samsung Galaxy M12 (Blue,4GB RAM, 64GB Storage) 6000 mAh with 8nm Processor | True 48 MP Quad Camera | 90Hz Refresh Rate<br/>
Redmi Note 11 (Space Black, 6GB RAM, 64GB Storage) | 90Hz FHD+ AMOLED Display | Qualcomm® Snapdragon™ 680-6nm | Alexa Built-in<br/>
Redmi 9 Activ (Coral Green, 4GB RAM, 64GB Storage)<br/>
Samsung Galaxy M32 5G (Sky Blue, 6GB RAM, 128GB Storage)<br/>
Jio Phone Next 32 GB ROM, 2 GB RAM, Blue Smartphone<br/>
Samsung Galaxy M12 (Black,4GB RAM, 64GB Storage) 6000 mAh with 8nm Processor | True 48 MP Quad Camera | 90Hz Refresh Rate<br/>
Redmi 9A (Sea Blue 3GB RAM 32GB Storage)| 2GHz Octa-core Helio G25 Processor | 5000 mAh Battery<br/>
Samsung Galaxy M32 5G (Sky Blue, 6GB RAM, 128GB Storage)<br/>
OPPO A74 5G (Fluid Black, 6GB RAM, 128GB Storage) with No Cost EMI/Additional Exchange Offers<br/>
Redmi 9A(Midnight Black 3GB RAM 32GB Storage) | 2GHz Octa-core Helio G25 Processor | 5000 mAh Battery<br/>
OnePlus Nord 2 5G (Gray Sierra, 8GB RAM, 128GB Storage)<br/>
OPPO A74 5G (Fantastic Purple,6GB RAM,128GB Storage) with No Cost EMI/Additional Exchange Offers<br/>
Samsung Galaxy M12 (White,4GB RAM, 64GB Storage) 6000 mAh with 8nm Processor | True 48 MP Quad Camera | 90Hz Refresh Rate<br/>
Samsung Galaxy M12 (Blue,6GB RAM, 128GB Storage) 6 Months Free Screen Replacement for Prime<br/>
Lava <Special Launch Price> X2 (2GB RAM, 32GB Storage)-Striped Cyan| Long Lasting 5000 mAh Battery| High Performance Octa Core Processor| Big 6.5 inch Display HD+IPS Notch Display<br/>
Samsung Galaxy M12 (Black,6GB RAM, 128GB Storage) 6 Months Free Screen Replacement for Prime<br/>
Nokia 105 Single SIM (Black)<br/>
Nokia 5310 Dual SIM Feature Phone with MP3 Player, Wireless FM Radio and Rear Camera (White/Red)<br/>
Nokia 150 (2020) (Black)<br/>
Redmi 10 (Prime Phantom Black 6GB RAM 128GB ROM |Helio G88 with extendable RAM Upto 2GB |FHD+ 90Hz Adaptive Sync Display)<br/>
Nokia 225 4G Dual SIM Feature Phone with Long Battery Life, Camera, Multiplayer Games, and Premium Finish – Black Colour<br/>
Samsung Galaxy S21 FE 5G (Lavender, 8GB, 128GB Storage)<br/>
I KALL Z3 Smartphone (4GB, 32GB, 4G Volte) (6 Inch IPS Display, Dual Sim) (Purple)<br/>
</div>
</td>
<td><div><pre>java.lang.AssertionError: The following asserts failed:
	expected [true] but found [false]
	at com.qa.testscripts.TC_Amazon_002.searchItem(TC_Amazon_002.java:47)
	at java.base/java.util.concurrent.ThreadPoolExecutor.runWorker(ThreadPoolExecutor.java:1136)
	at java.base/java.util.concurrent.ThreadPoolExecutor$Worker.run(ThreadPoolExecutor.java:635)
	at java.base/java.lang.Thread.run(Thread.java:833)
... Removed 14 stack frames</pre></div><a href='#' onClick='toggleBox("stack-trace15806907", this, "Click to show all stack frames", "Click to hide stack frames")'>Click to show all stack frames</a>
<div class='stack-trace' id='stack-trace15806907'><pre>java.lang.AssertionError: The following asserts failed:
	expected [true] but found [false]
	at org.testng.asserts.SoftAssert.assertAll(SoftAssert.java:47)
	at org.testng.asserts.SoftAssert.assertAll(SoftAssert.java:31)
	at com.qa.testscripts.TC_Amazon_002.searchItem(TC_Amazon_002.java:47)
	at java.base/jdk.internal.reflect.NativeMethodAccessorImpl.invoke0(Native Method)
	at java.base/jdk.internal.reflect.NativeMethodAccessorImpl.invoke(NativeMethodAccessorImpl.java:77)
	at java.base/jdk.internal.reflect.DelegatingMethodAccessorImpl.invoke(DelegatingMethodAccessorImpl.java:43)
	at java.base/java.lang.reflect.Method.invoke(Method.java:568)
	at org.testng.internal.MethodInvocationHelper.invokeMethod(MethodInvocationHelper.java:133)
	at org.testng.internal.TestInvoker.invokeMethod(TestInvoker.java:598)
	at org.testng.internal.TestInvoker.invokeTestMethod(TestInvoker.java:173)
	at org.testng.internal.MethodRunner.runInSequence(MethodRunner.java:46)
	at org.testng.internal.TestInvoker$MethodInvocationAgent.invoke(TestInvoker.java:824)
	at org.testng.internal.TestInvoker.invokeTestMethods(TestInvoker.java:146)
	at org.testng.internal.TestMethodWorker.invokeTestMethods(TestMethodWorker.java:146)
	at org.testng.internal.TestMethodWorker.run(TestMethodWorker.java:128)
	at java.base/java.util.concurrent.ThreadPoolExecutor.runWorker(ThreadPoolExecutor.java:1136)
	at java.base/java.util.concurrent.ThreadPoolExecutor$Worker.run(ThreadPoolExecutor.java:635)
	at java.base/java.lang.Thread.run(Thread.java:833)
</pre></div></td>
<td>3</td>
<td>com.qa.testscripts.TC_Amazon_002@56cdfb3b</td></tr>
<tr>
<td title='com.qa.testscripts.TC_Amazon_002.searchItem()'><b>searchItem</b><br>Test class: com.qa.testscripts.TC_Amazon_002<br>Parameters: Baby, soaps<br/>
<a href="#Output-369191835" onClick='toggleBox("Output-369191835", this, "Show output", "Hide output");'>Show output</a>

<a href="#Output-369191835" onClick="toggleAllBoxes();">Show all outputs</a>
<div class='log' id="Output-369191835">
The title of the page do not have search term<br/>
Pears Pure & Gentle Moisturising Bathing Bar Soap with Glycerine For Golden Glow 125g (Pack of 5)<br/>
</div>
</td>
<td><div><pre>java.lang.AssertionError: The following asserts failed:
	expected [true] but found [false]
	at com.qa.testscripts.TC_Amazon_002.searchItem(TC_Amazon_002.java:47)
	at java.base/java.util.concurrent.ThreadPoolExecutor.runWorker(ThreadPoolExecutor.java:1136)
	at java.base/java.util.concurrent.ThreadPoolExecutor$Worker.run(ThreadPoolExecutor.java:635)
	at java.base/java.lang.Thread.run(Thread.java:833)
... Removed 14 stack frames</pre></div><a href='#' onClick='toggleBox("stack-trace369191835", this, "Click to show all stack frames", "Click to hide stack frames")'>Click to show all stack frames</a>
<div class='stack-trace' id='stack-trace369191835'><pre>java.lang.AssertionError: The following asserts failed:
	expected [true] but found [false]
	at org.testng.asserts.SoftAssert.assertAll(SoftAssert.java:47)
	at org.testng.asserts.SoftAssert.assertAll(SoftAssert.java:31)
	at com.qa.testscripts.TC_Amazon_002.searchItem(TC_Amazon_002.java:47)
	at java.base/jdk.internal.reflect.NativeMethodAccessorImpl.invoke0(Native Method)
	at java.base/jdk.internal.reflect.NativeMethodAccessorImpl.invoke(NativeMethodAccessorImpl.java:77)
	at java.base/jdk.internal.reflect.DelegatingMethodAccessorImpl.invoke(DelegatingMethodAccessorImpl.java:43)
	at java.base/java.lang.reflect.Method.invoke(Method.java:568)
	at org.testng.internal.MethodInvocationHelper.invokeMethod(MethodInvocationHelper.java:133)
	at org.testng.internal.TestInvoker.invokeMethod(TestInvoker.java:598)
	at org.testng.internal.TestInvoker.invokeTestMethod(TestInvoker.java:173)
	at org.testng.internal.MethodRunner.runInSequence(MethodRunner.java:46)
	at org.testng.internal.TestInvoker$MethodInvocationAgent.invoke(TestInvoker.java:824)
	at org.testng.internal.TestInvoker.invokeTestMethods(TestInvoker.java:146)
	at org.testng.internal.TestMethodWorker.invokeTestMethods(TestMethodWorker.java:146)
	at org.testng.internal.TestMethodWorker.run(TestMethodWorker.java:128)
	at java.base/java.util.concurrent.ThreadPoolExecutor.runWorker(ThreadPoolExecutor.java:1136)
	at java.base/java.util.concurrent.ThreadPoolExecutor$Worker.run(ThreadPoolExecutor.java:635)
	at java.base/java.lang.Thread.run(Thread.java:833)
</pre></div></td>
<td>3</td>
<td>com.qa.testscripts.TC_Amazon_002@56cdfb3b</td></tr>
<tr>
<td title='com.qa.testscripts.TC_Amazon_002.searchItem()'><b>searchItem</b><br>Test class: com.qa.testscripts.TC_Amazon_002<br>Parameters: Appliances, Washing machines<br/>
<a href="#Output-1526276498" onClick='toggleBox("Output-1526276498", this, "Show output", "Hide output");'>Show output</a>

<a href="#Output-1526276498" onClick="toggleAllBoxes();">Show all outputs</a>
<div class='log' id="Output-1526276498">
The title of the page do not have search term<br/>
AmazonBasics 6.5 kg Fully-Automatic Top Load Washing Machine (Grey/Black, Full Metal body, LED Display)<br/>
AmazonBasics 8 kg Semi-automatic Washing Machine (with Heavy wash function, White/Blue color)<br/>
Samsung 6.5 kg Fully-Automatic Top Loading Washing Machine (WA65A4002VS/TL, Imperial Silver, Center Jet Pulsator)<br/>
Samsung 6.5 Kg 5 Star Inverter Fully-Automatic Top Loading Washing Machine (WA65T4262GG/TL, Light Grey, Wobble technology)<br/>
Whirlpool 7 Kg 5 Star Semi-Automatic Top Loading Washing Machine (SUPERB ATOM 7.0, Grey Dazzle, TurboScrub Technology)<br/>
VR Refrigerator Stand, Washing Machine Stand,Furniture Base Stand, Fridge Stands for Single Door and Double Door (Pack of 4) (Grey)<br/>
IFB 7 Kg 5 Star Fully-Automatic Front Loading Washing Machine (Neo Diva BX, White, In-Built Heater)<br/>
Panasonic 6.5 kg 5 Star Semi-Automatic Top Loading Washing Machine (NA-W65E5ARB, Blue, Powerful Motor)<br/>
Samsung 6.0 Kg Inverter 5 Star Fully-Automatic Front Loading Washing Machine (WW60R20GLMA/TL, White, Hygiene Steam)<br/>
LG 6.5 Kg 5 Star Smart Inverter Fully-Automatic Top Loading Washing Machine (T65SKSF4Z, Middle Free Silver)<br/>
IFB 6 Kg 5 Star Fully Automatic Front Loading Washing Machine (Diva Aqua SX, Silver, Express wash)<br/>
IFB 8 Kg 5 Star Fully-Automatic Front Loading Washing Machine (Senator WXS, Silver)<br/>
Samsung 7 Kg 5 Star Inverter Fully-Automatic Top Loading Washing Machine (WA70T4262GS/TL, Imperial Silver, Wobble technology)<br/>
Whirlpool 7.5 Kg 5 Star Semi-Automatic Top Loading Washing Machine (ACE 7.5 SUPREME, Grey Dazzle)<br/>
Godrej 6.2 Kg Fully-Automatic Top Loading Washing Machine (WT EON 620 A Gp Gr, Grey)<br/>
IFB 6 Kg 5 Star Fully Automatic Front Loading Washing Machine (Diva Aqua SX, Silver, Express wash)<br/>
IFB SERENA ZSS 7010 Fully Automatic Front Load Washing Machine 7 KG, Silver<br/>
Samsung 6.5 kg Semi-Automatic 5 Star Top Loading Washing Machine (WT667QPNDPGXTL, White and Maroon, Double Storm Pulsator)<br/>
Whirlpool 6 Kg 5 Star Semi-Automatic Top Loading Washing Machine (SUPERB ATOM 60I, Grey Dazzle)<br/>
Samsung 6.0 Kg 5 Star Semi-Automatic Top Loading Washing Machine (WT60R2000LL/TL, Light Grey, Double Storm Pulsator)<br/>
Whirlpool 7 Kg 5 Star Royal Plus Fully-Automatic Top Loading Washing Machine (WHITEMAGIC ROYAL PLUS 7.0, Grey, Hard Water Wash)<br/>
LG 7 kg 5 Star Inverter Fully-Automatic Top Loading Washing Machine (T70SKSF1Z, Middle Free Silver, TurboDrum)<br/>
AmazonBasics 6.5 kg Fully-Automatic Top Load Washing Machine (Grey/Black, Full Metal body, LED Display)<br/>
Godrej 6 Kg 5 Star Fully-Automatic Top Loading Washing Machine (WTEON 600 AD 5.0 ROGR, Grey, Acu Wash Drum)<br/>
Whirlpool 7.5 Kg 5 Star Royal Plus Fully-Automatic Top Loading Washing Machine (WHITEMAGIC ROYAL PLUS 7.5, Grey, Hard Water Wash)<br/>
Panasonic 7 Kg 5 Star Fully-Automatic Top Loading Washing Machine (NA-F70LF1HRB, Grey)<br/>
Samsung 7 kg Fully-Automatic Top Loading Washing Machine (WA70A4002GS/TL, Imperial Silver, Diamond drum)<br/>
DMR Portable 3 kg Mini Top-Load Washing Machine with Dryer Basket (DMR 30-1208, Black)<br/>
DMR DMR 46-1218 4.6Kg Top Load Washing Machine, Blue<br/>
IFB SENORITA SXS 6510 Fully Automatic Front Load Washing Machine 6.5 KG, Silver<br/>
AmazonBasics 6 Place Setting Dishwasher (2021, Silver)<br/>
</div>
</td>
<td><div><pre>java.lang.AssertionError: The following asserts failed:
	expected [true] but found [false]
	at com.qa.testscripts.TC_Amazon_002.searchItem(TC_Amazon_002.java:47)
	at java.base/java.util.concurrent.ThreadPoolExecutor.runWorker(ThreadPoolExecutor.java:1136)
	at java.base/java.util.concurrent.ThreadPoolExecutor$Worker.run(ThreadPoolExecutor.java:635)
	at java.base/java.lang.Thread.run(Thread.java:833)
... Removed 14 stack frames</pre></div><a href='#' onClick='toggleBox("stack-trace1526276498", this, "Click to show all stack frames", "Click to hide stack frames")'>Click to show all stack frames</a>
<div class='stack-trace' id='stack-trace1526276498'><pre>java.lang.AssertionError: The following asserts failed:
	expected [true] but found [false]
	at org.testng.asserts.SoftAssert.assertAll(SoftAssert.java:47)
	at org.testng.asserts.SoftAssert.assertAll(SoftAssert.java:31)
	at com.qa.testscripts.TC_Amazon_002.searchItem(TC_Amazon_002.java:47)
	at java.base/jdk.internal.reflect.NativeMethodAccessorImpl.invoke0(Native Method)
	at java.base/jdk.internal.reflect.NativeMethodAccessorImpl.invoke(NativeMethodAccessorImpl.java:77)
	at java.base/jdk.internal.reflect.DelegatingMethodAccessorImpl.invoke(DelegatingMethodAccessorImpl.java:43)
	at java.base/java.lang.reflect.Method.invoke(Method.java:568)
	at org.testng.internal.MethodInvocationHelper.invokeMethod(MethodInvocationHelper.java:133)
	at org.testng.internal.TestInvoker.invokeMethod(TestInvoker.java:598)
	at org.testng.internal.TestInvoker.invokeTestMethod(TestInvoker.java:173)
	at org.testng.internal.MethodRunner.runInSequence(MethodRunner.java:46)
	at org.testng.internal.TestInvoker$MethodInvocationAgent.invoke(TestInvoker.java:824)
	at org.testng.internal.TestInvoker.invokeTestMethods(TestInvoker.java:146)
	at org.testng.internal.TestMethodWorker.invokeTestMethods(TestMethodWorker.java:146)
	at org.testng.internal.TestMethodWorker.run(TestMethodWorker.java:128)
	at java.base/java.util.concurrent.ThreadPoolExecutor.runWorker(ThreadPoolExecutor.java:1136)
	at java.base/java.util.concurrent.ThreadPoolExecutor$Worker.run(ThreadPoolExecutor.java:635)
	at java.base/java.lang.Thread.run(Thread.java:833)
</pre></div></td>
<td>3</td>
<td>com.qa.testscripts.TC_Amazon_002@56cdfb3b</td></tr>
<tr>
<td title='com.qa.testscripts.TC_Amazon_002.searchItem()'><b>searchItem</b><br>Test class: com.qa.testscripts.TC_Amazon_002<br>Parameters: Furniture, Wooden tables<br/>
<a href="#Output-718724699" onClick='toggleBox("Output-718724699", this, "Show output", "Hide output");'>Show output</a>

<a href="#Output-718724699" onClick="toggleAllBoxes();">Show all outputs</a>
<div class='log' id="Output-718724699">
The title of the page do not have search term<br/>
BLUEWUD Noel Engineered Wood Rectangular Shape Coffee Table/Centre Table with Storage (Wenge)<br/>
</div>
</td>
<td><div><pre>java.lang.AssertionError: The following asserts failed:
	expected [true] but found [false]
	at com.qa.testscripts.TC_Amazon_002.searchItem(TC_Amazon_002.java:47)
	at java.base/java.util.concurrent.ThreadPoolExecutor.runWorker(ThreadPoolExecutor.java:1136)
	at java.base/java.util.concurrent.ThreadPoolExecutor$Worker.run(ThreadPoolExecutor.java:635)
	at java.base/java.lang.Thread.run(Thread.java:833)
... Removed 14 stack frames</pre></div><a href='#' onClick='toggleBox("stack-trace718724699", this, "Click to show all stack frames", "Click to hide stack frames")'>Click to show all stack frames</a>
<div class='stack-trace' id='stack-trace718724699'><pre>java.lang.AssertionError: The following asserts failed:
	expected [true] but found [false]
	at org.testng.asserts.SoftAssert.assertAll(SoftAssert.java:47)
	at org.testng.asserts.SoftAssert.assertAll(SoftAssert.java:31)
	at com.qa.testscripts.TC_Amazon_002.searchItem(TC_Amazon_002.java:47)
	at java.base/jdk.internal.reflect.NativeMethodAccessorImpl.invoke0(Native Method)
	at java.base/jdk.internal.reflect.NativeMethodAccessorImpl.invoke(NativeMethodAccessorImpl.java:77)
	at java.base/jdk.internal.reflect.DelegatingMethodAccessorImpl.invoke(DelegatingMethodAccessorImpl.java:43)
	at java.base/java.lang.reflect.Method.invoke(Method.java:568)
	at org.testng.internal.MethodInvocationHelper.invokeMethod(MethodInvocationHelper.java:133)
	at org.testng.internal.TestInvoker.invokeMethod(TestInvoker.java:598)
	at org.testng.internal.TestInvoker.invokeTestMethod(TestInvoker.java:173)
	at org.testng.internal.MethodRunner.runInSequence(MethodRunner.java:46)
	at org.testng.internal.TestInvoker$MethodInvocationAgent.invoke(TestInvoker.java:824)
	at org.testng.internal.TestInvoker.invokeTestMethods(TestInvoker.java:146)
	at org.testng.internal.TestMethodWorker.invokeTestMethods(TestMethodWorker.java:146)
	at org.testng.internal.TestMethodWorker.run(TestMethodWorker.java:128)
	at java.base/java.util.concurrent.ThreadPoolExecutor.runWorker(ThreadPoolExecutor.java:1136)
	at java.base/java.util.concurrent.ThreadPoolExecutor$Worker.run(ThreadPoolExecutor.java:635)
	at java.base/java.lang.Thread.run(Thread.java:833)
</pre></div></td>
<td>2</td>
<td>com.qa.testscripts.TC_Amazon_002@56cdfb3b</td></tr>
</table><p>
</body>
</html>